<?xml version="1.0" encoding="UTF-8"?>
<!-- Generated by org.testng.reporters.JUnitReportReporter -->
<testsuite hostname="DESKTOP-GE45KKD" failures="0" tests="1" name="com.browserstack.run_first_test.FirstTest" time="96.240" errors="0" timestamp="9 May 2023 21:38:05 GMT">
  <testcase classname="com.browserstack.run_first_test.FirstTest" name="test" time="96.240"/>
</testsuite> <!-- com.browserstack.run_first_test.FirstTest -->
